<?xml version="1.0" encoding="UTF-8"?>
<testng-results skipped="0" failed="0" total="4" passed="4">
  <reporter-output>
  </reporter-output>
  <suite name="TestSuite" duration-ms="81685" started-at="2018-02-06T09:03:07Z" finished-at="2018-02-06T09:04:29Z">
    <groups>
    </groups>
    <test name="BullTokenCommunityTests" duration-ms="81685" started-at="2018-02-06T09:03:07Z" finished-at="2018-02-06T09:04:29Z">
      <class name="com.BullToken.TestClasses.ICOSubmissionTest">
        <test-method status="PASS" signature="beforeMethod(java.lang.reflect.Method)[pri:0, instance:com.BullToken.TestClasses.ICOSubmissionTest@63440df3]" name="beforeMethod" is-config="true" duration-ms="1" started-at="2018-02-06T14:34:19Z" finished-at="2018-02-06T14:34:19Z">
          <params>
            <param index="0">
              <value>
                <![CDATA[public void com.BullToken.TestClasses.ICOSubmissionTest.TestEmptyFieldValidation()]]>
              </value>
            </param>
          </params>
          <reporter-output>
          </reporter-output>
        </test-method> <!-- beforeMethod -->
        <test-method status="PASS" signature="TestEmptyFieldValidation()[pri:1, instance:com.BullToken.TestClasses.ICOSubmissionTest@63440df3]" name="TestEmptyFieldValidation" duration-ms="4037" started-at="2018-02-06T14:34:19Z" finished-at="2018-02-06T14:34:24Z">
          <reporter-output>
          </reporter-output>
        </test-method> <!-- TestEmptyFieldValidation -->
        <test-method status="PASS" signature="afterMethod(org.testng.ITestResult)[pri:0, instance:com.BullToken.TestClasses.ICOSubmissionTest@63440df3]" name="afterMethod" is-config="true" duration-ms="1" started-at="2018-02-06T14:34:24Z" finished-at="2018-02-06T14:34:24Z">
          <params>
            <param index="0">
              <value>
                <![CDATA[[TestResult name=TestEmptyFieldValidation status=SUCCESS method=ICOSubmissionTest.TestEmptyFieldValidation()[pri:1, instance:com.BullToken.TestClasses.ICOSubmissionTest@63440df3] output={null}]]]>
              </value>
            </param>
          </params>
          <reporter-output>
          </reporter-output>
        </test-method> <!-- afterMethod -->
        <test-method status="PASS" signature="beforeMethod(java.lang.reflect.Method)[pri:0, instance:com.BullToken.TestClasses.ICOSubmissionTest@63440df3]" name="beforeMethod" is-config="true" duration-ms="1" started-at="2018-02-06T14:34:24Z" finished-at="2018-02-06T14:34:24Z">
          <params>
            <param index="0">
              <value>
                <![CDATA[public void com.BullToken.TestClasses.ICOSubmissionTest.SumbitBasicICODetailTest() throws org.apache.poi.openxml4j.exceptions.InvalidFormatException,java.io.IOException]]>
              </value>
            </param>
          </params>
          <reporter-output>
          </reporter-output>
        </test-method> <!-- beforeMethod -->
        <test-method status="PASS" signature="SumbitBasicICODetailTest()[pri:2, instance:com.BullToken.TestClasses.ICOSubmissionTest@63440df3]" name="SumbitBasicICODetailTest" duration-ms="5013" started-at="2018-02-06T14:34:24Z" finished-at="2018-02-06T14:34:29Z">
          <reporter-output>
          </reporter-output>
        </test-method> <!-- SumbitBasicICODetailTest -->
        <test-method status="PASS" signature="afterMethod(org.testng.ITestResult)[pri:0, instance:com.BullToken.TestClasses.ICOSubmissionTest@63440df3]" name="afterMethod" is-config="true" duration-ms="1" started-at="2018-02-06T14:34:29Z" finished-at="2018-02-06T14:34:29Z">
          <params>
            <param index="0">
              <value>
                <![CDATA[[TestResult name=SumbitBasicICODetailTest status=SUCCESS method=ICOSubmissionTest.SumbitBasicICODetailTest()[pri:2, instance:com.BullToken.TestClasses.ICOSubmissionTest@63440df3] output={null}]]]>
              </value>
            </param>
          </params>
          <reporter-output>
          </reporter-output>
        </test-method> <!-- afterMethod -->
      </class> <!-- com.BullToken.TestClasses.ICOSubmissionTest -->
      <class name="com.BullToken.TestClasses.LoginTest">
        <test-method status="PASS" signature="setUp()[pri:0, instance:com.BullToken.TestClasses.LoginTest@77f99a05]" name="setUp" is-config="true" duration-ms="66591" started-at="2018-02-06T14:33:07Z" finished-at="2018-02-06T14:34:13Z">
          <reporter-output>
          </reporter-output>
        </test-method> <!-- setUp -->
        <test-method status="PASS" signature="beforeMethod(java.lang.reflect.Method)[pri:0, instance:com.BullToken.TestClasses.LoginTest@77f99a05]" name="beforeMethod" is-config="true" duration-ms="21" started-at="2018-02-06T14:34:13Z" finished-at="2018-02-06T14:34:13Z">
          <params>
            <param index="0">
              <value>
                <![CDATA[public void com.BullToken.TestClasses.LoginTest.verifyLoginWithInvalidUserCredentials() throws org.apache.poi.openxml4j.exceptions.InvalidFormatException,java.io.IOException]]>
              </value>
            </param>
          </params>
          <reporter-output>
          </reporter-output>
        </test-method> <!-- beforeMethod -->
        <test-method status="PASS" signature="verifyLoginWithInvalidUserCredentials()[pri:1, instance:com.BullToken.TestClasses.LoginTest@77f99a05]" name="verifyLoginWithInvalidUserCredentials" duration-ms="5302" started-at="2018-02-06T14:34:13Z" finished-at="2018-02-06T14:34:19Z">
          <reporter-output>
          </reporter-output>
        </test-method> <!-- verifyLoginWithInvalidUserCredentials -->
        <test-method status="PASS" signature="afterMethod(org.testng.ITestResult)[pri:0, instance:com.BullToken.TestClasses.LoginTest@77f99a05]" name="afterMethod" is-config="true" duration-ms="1" started-at="2018-02-06T14:34:19Z" finished-at="2018-02-06T14:34:19Z">
          <params>
            <param index="0">
              <value>
                <![CDATA[[TestResult name=verifyLoginWithInvalidUserCredentials status=SUCCESS method=LoginTest.verifyLoginWithInvalidUserCredentials()[pri:1, instance:com.BullToken.TestClasses.LoginTest@77f99a05] output={null}]]]>
              </value>
            </param>
          </params>
          <reporter-output>
          </reporter-output>
        </test-method> <!-- afterMethod -->
        <test-method status="PASS" signature="beforeMethod(java.lang.reflect.Method)[pri:0, instance:com.BullToken.TestClasses.LoginTest@77f99a05]" name="beforeMethod" is-config="true" duration-ms="0" started-at="2018-02-06T14:34:19Z" finished-at="2018-02-06T14:34:19Z">
          <params>
            <param index="0">
              <value>
                <![CDATA[public void com.BullToken.TestClasses.LoginTest.verifyLoginWithvalidCredentials() throws org.apache.poi.openxml4j.exceptions.InvalidFormatException,java.io.IOException]]>
              </value>
            </param>
          </params>
          <reporter-output>
          </reporter-output>
        </test-method> <!-- beforeMethod -->
        <test-method status="PASS" signature="verifyLoginWithvalidCredentials()[pri:3, instance:com.BullToken.TestClasses.LoginTest@77f99a05]" name="verifyLoginWithvalidCredentials" duration-ms="692" started-at="2018-02-06T14:34:19Z" finished-at="2018-02-06T14:34:19Z">
          <reporter-output>
          </reporter-output>
        </test-method> <!-- verifyLoginWithvalidCredentials -->
        <test-method status="PASS" signature="afterMethod(org.testng.ITestResult)[pri:0, instance:com.BullToken.TestClasses.LoginTest@77f99a05]" name="afterMethod" is-config="true" duration-ms="1" started-at="2018-02-06T14:34:19Z" finished-at="2018-02-06T14:34:19Z">
          <params>
            <param index="0">
              <value>
                <![CDATA[[TestResult name=verifyLoginWithvalidCredentials status=SUCCESS method=LoginTest.verifyLoginWithvalidCredentials()[pri:3, instance:com.BullToken.TestClasses.LoginTest@77f99a05] output={null}]]]>
              </value>
            </param>
          </params>
          <reporter-output>
          </reporter-output>
        </test-method> <!-- afterMethod -->
        <test-method status="PASS" signature="endTest()[pri:0, instance:com.BullToken.TestClasses.LoginTest@77f99a05]" name="endTest" is-config="true" duration-ms="7176" started-at="2018-02-06T14:34:29Z" finished-at="2018-02-06T14:34:36Z">
          <reporter-output>
          </reporter-output>
        </test-method> <!-- endTest -->
      </class> <!-- com.BullToken.TestClasses.LoginTest -->
    </test> <!-- BullTokenCommunityTests -->
  </suite> <!-- TestSuite -->
</testng-results>
