<?xml version="1.0" encoding="UTF-8"?>
<testng-results skipped="0" failed="0" total="4" passed="4">
  <reporter-output>
  </reporter-output>
  <suite name="TestSuite" duration-ms="37690" started-at="2018-02-01T09:22:21Z" finished-at="2018-02-01T09:22:59Z">
    <groups>
    </groups>
    <test name="BullTokenCommunityTests" duration-ms="37690" started-at="2018-02-01T09:22:21Z" finished-at="2018-02-01T09:22:59Z">
      <class name="com.BullToken.TestClasses.ICOSubmissionTest">
        <test-method status="PASS" signature="beforeMethod(java.lang.reflect.Method)[pri:0, instance:com.BullToken.TestClasses.ICOSubmissionTest@63440df3]" name="beforeMethod" is-config="true" duration-ms="1" started-at="2018-02-01T14:52:51Z" finished-at="2018-02-01T14:52:51Z">
          <params>
            <param index="0">
              <value>
                <![CDATA[public void com.BullToken.TestClasses.ICOSubmissionTest.TestEmptyFieldValidation()]]>
              </value>
            </param>
          </params>
          <reporter-output>
          </reporter-output>
        </test-method> <!-- beforeMethod -->
        <test-method status="PASS" signature="TestEmptyFieldValidation()[pri:1, instance:com.BullToken.TestClasses.ICOSubmissionTest@63440df3]" name="TestEmptyFieldValidation" duration-ms="3027" started-at="2018-02-01T14:52:51Z" finished-at="2018-02-01T14:52:54Z">
          <reporter-output>
          </reporter-output>
        </test-method> <!-- TestEmptyFieldValidation -->
        <test-method status="PASS" signature="afterMethod(org.testng.ITestResult)[pri:0, instance:com.BullToken.TestClasses.ICOSubmissionTest@63440df3]" name="afterMethod" is-config="true" duration-ms="0" started-at="2018-02-01T14:52:54Z" finished-at="2018-02-01T14:52:54Z">
          <params>
            <param index="0">
              <value>
                <![CDATA[[TestResult name=TestEmptyFieldValidation status=SUCCESS method=ICOSubmissionTest.TestEmptyFieldValidation()[pri:1, instance:com.BullToken.TestClasses.ICOSubmissionTest@63440df3] output={null}]]]>
              </value>
            </param>
          </params>
          <reporter-output>
          </reporter-output>
        </test-method> <!-- afterMethod -->
        <test-method status="PASS" signature="beforeMethod(java.lang.reflect.Method)[pri:0, instance:com.BullToken.TestClasses.ICOSubmissionTest@63440df3]" name="beforeMethod" is-config="true" duration-ms="0" started-at="2018-02-01T14:52:54Z" finished-at="2018-02-01T14:52:54Z">
          <params>
            <param index="0">
              <value>
                <![CDATA[public void com.BullToken.TestClasses.ICOSubmissionTest.SumbitBasicICODetailTest() throws org.apache.poi.openxml4j.exceptions.InvalidFormatException,java.io.IOException]]>
              </value>
            </param>
          </params>
          <reporter-output>
          </reporter-output>
        </test-method> <!-- beforeMethod -->
        <test-method status="PASS" signature="SumbitBasicICODetailTest()[pri:2, instance:com.BullToken.TestClasses.ICOSubmissionTest@63440df3]" name="SumbitBasicICODetailTest" duration-ms="4509" started-at="2018-02-01T14:52:54Z" finished-at="2018-02-01T14:52:59Z">
          <reporter-output>
          </reporter-output>
        </test-method> <!-- SumbitBasicICODetailTest -->
        <test-method status="PASS" signature="afterMethod(org.testng.ITestResult)[pri:0, instance:com.BullToken.TestClasses.ICOSubmissionTest@63440df3]" name="afterMethod" is-config="true" duration-ms="1" started-at="2018-02-01T14:52:59Z" finished-at="2018-02-01T14:52:59Z">
          <params>
            <param index="0">
              <value>
                <![CDATA[[TestResult name=SumbitBasicICODetailTest status=SUCCESS method=ICOSubmissionTest.SumbitBasicICODetailTest()[pri:2, instance:com.BullToken.TestClasses.ICOSubmissionTest@63440df3] output={null}]]]>
              </value>
            </param>
          </params>
          <reporter-output>
          </reporter-output>
        </test-method> <!-- afterMethod -->
      </class> <!-- com.BullToken.TestClasses.ICOSubmissionTest -->
      <class name="com.BullToken.TestClasses.LoginTest">
        <test-method status="PASS" signature="setUp()[pri:0, instance:com.BullToken.TestClasses.LoginTest@77f99a05]" name="setUp" is-config="true" duration-ms="25728" started-at="2018-02-01T14:52:21Z" finished-at="2018-02-01T14:52:47Z">
          <reporter-output>
          </reporter-output>
        </test-method> <!-- setUp -->
        <test-method status="PASS" signature="beforeMethod(java.lang.reflect.Method)[pri:0, instance:com.BullToken.TestClasses.LoginTest@77f99a05]" name="beforeMethod" is-config="true" duration-ms="27" started-at="2018-02-01T14:52:47Z" finished-at="2018-02-01T14:52:47Z">
          <params>
            <param index="0">
              <value>
                <![CDATA[public void com.BullToken.TestClasses.LoginTest.verifyLoginWithInvalidUserCredentials() throws org.apache.poi.openxml4j.exceptions.InvalidFormatException,java.io.IOException]]>
              </value>
            </param>
          </params>
          <reporter-output>
          </reporter-output>
        </test-method> <!-- beforeMethod -->
        <test-method status="PASS" signature="verifyLoginWithInvalidUserCredentials()[pri:1, instance:com.BullToken.TestClasses.LoginTest@77f99a05]" name="verifyLoginWithInvalidUserCredentials" duration-ms="3553" started-at="2018-02-01T14:52:47Z" finished-at="2018-02-01T14:52:50Z">
          <reporter-output>
          </reporter-output>
        </test-method> <!-- verifyLoginWithInvalidUserCredentials -->
        <test-method status="PASS" signature="afterMethod(org.testng.ITestResult)[pri:0, instance:com.BullToken.TestClasses.LoginTest@77f99a05]" name="afterMethod" is-config="true" duration-ms="0" started-at="2018-02-01T14:52:50Z" finished-at="2018-02-01T14:52:50Z">
          <params>
            <param index="0">
              <value>
                <![CDATA[[TestResult name=verifyLoginWithInvalidUserCredentials status=SUCCESS method=LoginTest.verifyLoginWithInvalidUserCredentials()[pri:1, instance:com.BullToken.TestClasses.LoginTest@77f99a05] output={null}]]]>
              </value>
            </param>
          </params>
          <reporter-output>
          </reporter-output>
        </test-method> <!-- afterMethod -->
        <test-method status="PASS" signature="verifyLoginWithvalidCredentials()[pri:3, instance:com.BullToken.TestClasses.LoginTest@77f99a05]" name="verifyLoginWithvalidCredentials" duration-ms="810" started-at="2018-02-01T14:52:50Z" finished-at="2018-02-01T14:52:51Z">
          <reporter-output>
          </reporter-output>
        </test-method> <!-- verifyLoginWithvalidCredentials -->
        <test-method status="PASS" signature="beforeMethod(java.lang.reflect.Method)[pri:0, instance:com.BullToken.TestClasses.LoginTest@77f99a05]" name="beforeMethod" is-config="true" duration-ms="0" started-at="2018-02-01T14:52:50Z" finished-at="2018-02-01T14:52:50Z">
          <params>
            <param index="0">
              <value>
                <![CDATA[public void com.BullToken.TestClasses.LoginTest.verifyLoginWithvalidCredentials() throws org.apache.poi.openxml4j.exceptions.InvalidFormatException,java.io.IOException]]>
              </value>
            </param>
          </params>
          <reporter-output>
          </reporter-output>
        </test-method> <!-- beforeMethod -->
        <test-method status="PASS" signature="afterMethod(org.testng.ITestResult)[pri:0, instance:com.BullToken.TestClasses.LoginTest@77f99a05]" name="afterMethod" is-config="true" duration-ms="0" started-at="2018-02-01T14:52:51Z" finished-at="2018-02-01T14:52:51Z">
          <params>
            <param index="0">
              <value>
                <![CDATA[[TestResult name=verifyLoginWithvalidCredentials status=SUCCESS method=LoginTest.verifyLoginWithvalidCredentials()[pri:3, instance:com.BullToken.TestClasses.LoginTest@77f99a05] output={null}]]]>
              </value>
            </param>
          </params>
          <reporter-output>
          </reporter-output>
        </test-method> <!-- afterMethod -->
        <test-method status="PASS" signature="endTest()[pri:0, instance:com.BullToken.TestClasses.LoginTest@77f99a05]" name="endTest" is-config="true" duration-ms="5990" started-at="2018-02-01T14:52:59Z" finished-at="2018-02-01T14:53:05Z">
          <reporter-output>
          </reporter-output>
        </test-method> <!-- endTest -->
      </class> <!-- com.BullToken.TestClasses.LoginTest -->
    </test> <!-- BullTokenCommunityTests -->
  </suite> <!-- TestSuite -->
</testng-results>
