<?xml version="1.0" encoding="UTF-8"?>
<!-- Generated by org.testng.reporters.JUnitXMLReporter -->
<testsuite hostname="ATLPL006L" name="BullTokenCommunityTests" tests="4" failures="0" timestamp="1 Feb 2018 09:22:59 GMT" time="37.69" errors="0">
  <testcase name="verifyLoginWithInvalidUserCredentials" time="3.553" classname="com.BullToken.TestClasses.LoginTest"/>
  <testcase name="verifyLoginWithvalidCredentials" time="0.81" classname="com.BullToken.TestClasses.LoginTest"/>
  <testcase name="TestEmptyFieldValidation" time="3.027" classname="com.BullToken.TestClasses.ICOSubmissionTest"/>
  <testcase name="SumbitBasicICODetailTest" time="4.509" classname="com.BullToken.TestClasses.ICOSubmissionTest"/>
</testsuite> <!-- BullTokenCommunityTests -->
