<?xml version="1.0" encoding="UTF-8"?>
<!-- Generated by org.testng.reporters.JUnitXMLReporter -->
<testsuite hostname="ATLPL006L" name="BullTokenCommunityTests" tests="4" failures="0" timestamp="6 Feb 2018 09:04:29 GMT" time="81.685" errors="0">
  <testcase name="verifyLoginWithInvalidUserCredentials" time="5.302" classname="com.BullToken.TestClasses.LoginTest"/>
  <testcase name="verifyLoginWithvalidCredentials" time="0.692" classname="com.BullToken.TestClasses.LoginTest"/>
  <testcase name="TestEmptyFieldValidation" time="4.037" classname="com.BullToken.TestClasses.ICOSubmissionTest"/>
  <testcase name="SumbitBasicICODetailTest" time="5.013" classname="com.BullToken.TestClasses.ICOSubmissionTest"/>
</testsuite> <!-- BullTokenCommunityTests -->
